<?xml version="1.0" encoding="UTF-8"?>
<!-- Generated by org.testng.reporters.JUnitReportReporter -->
<testsuite hostname="LTIN192410" failures="0" tests="2" name="TestCases.TC_001_Registration" time="47.381" errors="0" timestamp="2024-02-11T12:46:47 IST" skipped="0">
  <testcase classname="TestCases.TC_001_Registration" name="test_travelInsurancebuttonClick" time="0.936"/>
  <testcase classname="TestCases.TC_001_Registration" name="test_TravelInsurance" time="46.445"/>
</testsuite> <!-- TestCases.TC_001_Registration -->
