<?xml version="1.0" encoding="UTF-8"?>
<!-- Generated by org.testng.reporters.JUnitReportReporter -->
<testsuite hostname="LTIN192410" failures="0" tests="2" name="TestCases.TC_001_Registration" time="49.568" errors="0" timestamp="2024-02-13T09:40:28 IST" skipped="0">
  <testcase classname="TestCases.TC_001_Registration" name="test_travelInsurancebuttonClick" time="1.000"/>
  <testcase classname="TestCases.TC_001_Registration" name="test_TravelInsurance" time="48.568"/>
</testsuite> <!-- TestCases.TC_001_Registration -->
