<?xml version="1.0" encoding="UTF-8"?>
<!-- Generated by org.testng.reporters.JUnitReportReporter -->
<testsuite hostname="LTIN192410" failures="0" tests="3" name="TestCases.TC_003_CarInsurance1" time="13.446" errors="0" timestamp="2024-02-13T09:40:28 IST" skipped="0">
  <testcase classname="TestCases.TC_003_CarInsurance1" name="test_carInsurancenegetive" time="12.578"/>
  <testcase classname="TestCases.TC_003_CarInsurance1" name="test_carInsuranceerrormessagevalidation" time="0.135"/>
  <testcase classname="TestCases.TC_003_CarInsurance1" name="test_carInsurancenegetivetestcase" time="0.733"/>
</testsuite> <!-- TestCases.TC_003_CarInsurance1 -->
