<?xml version="1.0" encoding="UTF-8"?>
<!-- Generated by org.testng.reporters.JUnitReportReporter -->
<testsuite hostname="LTIN192410" failures="0" tests="1" name="TestCases.TC_004a_CarInsurance2" time="9.367" errors="0" timestamp="2024-02-20T23:03:37 IST" skipped="0">
  <testcase classname="TestCases.TC_004a_CarInsurance2" name="test_carInsuranceQuote" time="9.367"/>
</testsuite> <!-- TestCases.TC_004a_CarInsurance2 -->
