<?xml version="1.0" encoding="UTF-8"?>
<!-- Generated by org.testng.reporters.JUnitReportReporter -->
<testsuite hostname="LTIN192410" failures="0" tests="2" name="TestCases.TC_005_HealthInsurance" time="2.562" errors="0" timestamp="2024-02-20T23:03:37 IST" skipped="0">
  <testcase classname="TestCases.TC_005_HealthInsurance" name="test_healthInsurance" time="1.116"/>
  <testcase classname="TestCases.TC_005_HealthInsurance" name="test_healthInsurancemotor" time="1.446"/>
</testsuite> <!-- TestCases.TC_005_HealthInsurance -->
