<?xml version="1.0" encoding="UTF-8"?>
<!-- Generated by org.testng.reporters.JUnitReportReporter -->
<testsuite hostname="LTIN192410" failures="0" tests="1" name="TestCases.TC_004a_CarInsurance2" time="11.939" errors="0" timestamp="2024-02-11T12:46:47 IST" skipped="0">
  <testcase classname="TestCases.TC_004a_CarInsurance2" name="test_carInsuranceQuote" time="11.939"/>
</testsuite> <!-- TestCases.TC_004a_CarInsurance2 -->
