<?xml version="1.0" encoding="UTF-8"?>
<!-- Generated by org.testng.reporters.JUnitReportReporter -->
<testsuite hostname="LTIN192410" failures="0" tests="1" name="TestCases.TC_004_CarInsurance2" time="3.015" errors="0" timestamp="2024-02-11T12:46:47 IST" skipped="0">
  <testcase classname="TestCases.TC_004_CarInsurance2" name="test_carInsurancepositive" time="3.015"/>
</testsuite> <!-- TestCases.TC_004_CarInsurance2 -->
