<?xml version="1.0" encoding="UTF-8"?>
<!-- Generated by org.testng.reporters.JUnitReportReporter -->
<testsuite hostname="LTIN192410" failures="0" tests="2" name="TestCases.TC_002_CarInsurance" time="4.706" errors="0" timestamp="2024-02-11T12:46:47 IST" skipped="0">
  <testcase classname="TestCases.TC_002_CarInsurance" name="test_carInsurance" time="1.132"/>
  <testcase classname="TestCases.TC_002_CarInsurance" name="test_carInsurance1" time="3.574"/>
</testsuite> <!-- TestCases.TC_002_CarInsurance -->
