<?xml version="1.0" encoding="UTF-8"?>
<!-- Generated by org.testng.reporters.JUnitReportReporter -->
<testsuite hostname="LTIN192410" failures="0" tests="3" name="TestCases.TC_003_CarInsurance1" time="14.246" errors="0" timestamp="2024-02-11T12:46:47 IST" skipped="0">
  <testcase classname="TestCases.TC_003_CarInsurance1" name="test_carInsurancenegetive" time="13.535"/>
  <testcase classname="TestCases.TC_003_CarInsurance1" name="test_carInsuranceerrormessagevalidation" time="0.092"/>
  <testcase classname="TestCases.TC_003_CarInsurance1" name="test_carInsurancenegetivetestcase" time="0.619"/>
</testsuite> <!-- TestCases.TC_003_CarInsurance1 -->
