<?xml version="1.0" encoding="UTF-8"?>
<!-- Generated by org.testng.reporters.JUnitReportReporter -->
<testsuite hostname="LTIN192410" failures="0" tests="3" name="TestCases.TC_003_CarInsurance1" time="11.955" errors="0" timestamp="2024-02-20T23:03:37 IST" skipped="0">
  <testcase classname="TestCases.TC_003_CarInsurance1" name="test_carInsurancenegetive" time="11.315"/>
  <testcase classname="TestCases.TC_003_CarInsurance1" name="test_carInsuranceerrormessagevalidation" time="0.074"/>
  <testcase classname="TestCases.TC_003_CarInsurance1" name="test_carInsurancenegetivetestcase" time="0.566"/>
</testsuite> <!-- TestCases.TC_003_CarInsurance1 -->
