<?xml version="1.0" encoding="UTF-8"?>
<!-- Generated by org.testng.reporters.JUnitReportReporter -->
<testsuite hostname="LTIN192410" failures="0" tests="2" name="TestCases.TC_002_CarInsurance" time="3.945" errors="0" timestamp="2024-02-20T23:03:37 IST" skipped="0">
  <testcase classname="TestCases.TC_002_CarInsurance" name="test_carInsurance" time="0.795"/>
  <testcase classname="TestCases.TC_002_CarInsurance" name="test_carInsurance1" time="3.150"/>
</testsuite> <!-- TestCases.TC_002_CarInsurance -->
