<?xml version="1.0" encoding="UTF-8"?>
<!-- Generated by org.testng.reporters.JUnitReportReporter -->
<testsuite hostname="LTIN192410" failures="0" tests="2" name="TestCases.TC_005_HealthInsurance" time="2.751" errors="0" timestamp="2024-02-11T12:46:47 IST" skipped="0">
  <testcase classname="TestCases.TC_005_HealthInsurance" name="test_healthInsurance" time="1.129"/>
  <testcase classname="TestCases.TC_005_HealthInsurance" name="test_healthInsurancemotor" time="1.622"/>
</testsuite> <!-- TestCases.TC_005_HealthInsurance -->
